=== Simulation Crash ===

Traceback (most recent call last):
  File "/scratch/yqp5187/conda_envs/research/lib/python3.10/site-packages/flwr/simulation/legacy_app.py", line 361, in start_simulation
    hist = run_fl(
  File "/scratch/yqp5187/conda_envs/research/lib/python3.10/site-packages/flwr/server/server.py", line 487, in run_fl
    hist, elapsed_time = server.fit(
  File "/scratch/yqp5187/conda_envs/research/lib/python3.10/site-packages/flwr/server/server.py", line 114, in fit
    res_fit = self.fit_round(
  File "/scratch/yqp5187/conda_envs/research/lib/python3.10/site-packages/flwr/server/server.py", line 246, in fit_round
    ] = self.strategy.aggregate_fit(server_round, results, failures)
  File "/scratch/yqp5187/TinyML-main/src/federated/client.py", line 112, in aggregate_fit
    aggregated_parameters, aggregated_metrics = super().aggregate_fit(
  File "/scratch/yqp5187/conda_envs/research/lib/python3.10/site-packages/flwr/server/strategy/fedavgm.py", line 155, in aggregate_fit
    self.initial_parameters is not None
AssertionError: When using server-side optimization, model needs to be initialized.

The above exception was the direct cause of the following exception:

Traceback (most recent call last):
  File "/scratch/yqp5187/TinyML-main/src/federated/client.py", line 629, in main
    history = fl.simulation.start_simulation(
  File "/scratch/yqp5187/conda_envs/research/lib/python3.10/site-packages/flwr/simulation/legacy_app.py", line 397, in start_simulation
    raise RuntimeError("Simulation crashed.") from ex
RuntimeError: Simulation crashed.

--- Caused by ---

Traceback (most recent call last):
  File "/scratch/yqp5187/conda_envs/research/lib/python3.10/site-packages/flwr/simulation/legacy_app.py", line 361, in start_simulation
    hist = run_fl(
  File "/scratch/yqp5187/conda_envs/research/lib/python3.10/site-packages/flwr/server/server.py", line 487, in run_fl
    hist, elapsed_time = server.fit(
  File "/scratch/yqp5187/conda_envs/research/lib/python3.10/site-packages/flwr/server/server.py", line 114, in fit
    res_fit = self.fit_round(
  File "/scratch/yqp5187/conda_envs/research/lib/python3.10/site-packages/flwr/server/server.py", line 246, in fit_round
    ] = self.strategy.aggregate_fit(server_round, results, failures)
  File "/scratch/yqp5187/TinyML-main/src/federated/client.py", line 112, in aggregate_fit
    aggregated_parameters, aggregated_metrics = super().aggregate_fit(
  File "/scratch/yqp5187/conda_envs/research/lib/python3.10/site-packages/flwr/server/strategy/fedavgm.py", line 155, in aggregate_fit
    self.initial_parameters is not None
AssertionError: When using server-side optimization, model needs to be initialized.
When using server-side optimization, model needs to be initialized.
